[21:12:00] [ServerMain/INFO]: Environment: authHost='https://authserver.mojang.com', accountsHost='https://api.mojang.com', sessionHost='https://sessionserver.mojang.com', servicesHost='https://api.minecraftservices.com', name='PROD'
[21:12:02] [ServerMain/INFO]: Loaded 7 recipes
[21:12:02] [ServerMain/INFO]: Loaded 1271 advancements
[21:12:03] [Server thread/INFO]: Starting minecraft server version 1.20.1
[21:12:03] [Server thread/INFO]: Loading properties
[21:12:03] [Server thread/INFO]: Default game type: SURVIVAL
[21:12:03] [Server thread/INFO]: Generating keypair
[21:12:03] [Server thread/INFO]: Starting Minecraft server on *:25565
[21:12:03] [Server thread/INFO]: Using epoll channel type
[21:12:03] [Server thread/WARN]: **** SERVER IS RUNNING IN OFFLINE/INSECURE MODE!
[21:12:03] [Server thread/WARN]: The server will make no attempt to authenticate usernames. Beware.
[21:12:03] [Server thread/WARN]: While this makes the game possible to play without internet access, it also opens up the ability for hackers to connect with any username they choose.
[21:12:03] [Server thread/WARN]: To change this, set "online-mode" to "true" in the server.properties file.
[21:12:03] [Server thread/INFO]: Preparing level "world"
[21:12:06] [Server thread/INFO]: Preparing start region for dimension minecraft:overworld
[21:12:09] [Worker-Main-1/INFO]: Preparing spawn area: 0%
[21:12:09] [Worker-Main-1/INFO]: Preparing spawn area: 0%
[21:12:09] [Worker-Main-2/INFO]: Preparing spawn area: 0%
[21:12:09] [Worker-Main-1/INFO]: Preparing spawn area: 0%
[21:12:09] [Worker-Main-3/INFO]: Preparing spawn area: 0%
[21:12:09] [Worker-Main-2/INFO]: Preparing spawn area: 0%
[21:12:09] [Worker-Main-3/INFO]: Preparing spawn area: 0%
[21:12:10] [Worker-Main-1/INFO]: Preparing spawn area: 4%
[21:12:10] [Worker-Main-3/INFO]: Preparing spawn area: 23%
[21:12:11] [Worker-Main-1/INFO]: Preparing spawn area: 32%
[21:12:11] [Worker-Main-3/INFO]: Preparing spawn area: 68%
[21:12:12] [Worker-Main-1/INFO]: Preparing spawn area: 77%
[21:12:12] [Worker-Main-1/INFO]: Preparing spawn area: 84%
[21:12:13] [Worker-Main-1/INFO]: Preparing spawn area: 87%
[21:12:13] [Worker-Main-3/INFO]: Preparing spawn area: 88%
[21:12:14] [Worker-Main-2/INFO]: Preparing spawn area: 95%
[21:12:14] [Worker-Main-3/INFO]: Preparing spawn area: 97%
[21:12:14] [Server thread/INFO]: Time elapsed: 8270 ms
[21:12:14] [Server thread/INFO]: Done (11.296s)! For help, type "help"
[21:12:30] [Server thread/INFO]: Cer0d0s[/[0:0:0:0:0:0:0:1%0]:56330] logged in with entity id 243 at (-8.5, 70.0, -2.5)
[21:12:30] [Server thread/INFO]: Cer0d0s joined the game
[21:14:00] [Server thread/INFO]: Cer0d0s lost connection: Timed out
[21:14:00] [Server thread/INFO]: Cer0d0s left the game
